<?xml version="1.0" encoding="UTF-8"?>
<!-- Generated by org.testng.reporters.JUnitReportReporter -->
<testsuite hostname="WKSBAN36CHATR07" failures="0" tests="3" name="pkg2.factory2" time="31.624" errors="0" timestamp="2025-03-26T14:49:54 IST" skipped="0">
  <testcase classname="pkg2.factory2" name="testMethod" time="13.554"/>
  <testcase classname="pkg2.factory2" name="testMethod" time="10.930"/>
  <testcase classname="pkg2.factory2" name="testMethod" time="7.140"/>
</testsuite> <!-- pkg2.factory2 -->
