<?xml version="1.0" encoding="UTF-8"?>
<!-- Generated by org.testng.reporters.JUnitReportReporter -->
<testsuite hostname="WKSBAN36CHATR07" failures="0" tests="1" name="listners.login" time="6.082" errors="0" timestamp="2025-04-03T11:11:46 IST" skipped="0">
  <testcase classname="listners.login" name="test1" time="6.082">
    <system-out>
      <![CDATA[Test Strated : test1
1st test
Test Success : test1]]>
    </system-out>
  </testcase> <!-- test1 -->
  <system-out>
    <![CDATA[Test Strated : test1
1st test
Test Success : test1]]>
  </system-out>
</testsuite> <!-- listners.login -->
