<?xml version="1.0" encoding="UTF-8"?>
<!-- Generated by org.testng.reporters.JUnitReportReporter -->
<testsuite hostname="WKSBAN36CHATR07" failures="0" tests="2" name="pkg2.FactoryExample" time="0.008" errors="0" timestamp="2025-03-26T12:56:55 IST" skipped="0">
  <testcase classname="pkg2.FactoryExample" name="TestMethod" time="0.007"/>
  <testcase classname="pkg2.FactoryExample" name="TestMethod" time="0.001"/>
</testsuite> <!-- pkg2.FactoryExample -->
