<?xml version="1.0" encoding="UTF-8"?>
<!-- Generated by org.testng.reporters.JUnitReportReporter -->
<testsuite hostname="WKSBAN36CHATR07" failures="0" tests="4" name="testeng.eng" time="0.013" errors="0" timestamp="2025-03-25T17:57:14 IST" skipped="0">
  <testcase classname="testeng.eng" name="t4" time="0.002"/>
  <testcase classname="testeng.eng" name="t3" time="0.003"/>
  <testcase classname="testeng.eng" name="t2" time="0.003"/>
  <testcase classname="testeng.eng" name="t1" time="0.005"/>
</testsuite> <!-- testeng.eng -->
