<?xml version="1.0" encoding="UTF-8"?>
<!-- Generated by org.testng.reporters.JUnitReportReporter -->
<testsuite hostname="WKSBAN36CHATR07" failures="0" tests="1" name="runner.testrunner" time="0.069" errors="0" timestamp="2025-04-01T11:42:19 IST" skipped="0">
  <testcase classname="runner.testrunner" name="runScenario" time="0.069"/>
</testsuite> <!-- runner.testrunner -->
