<?xml version="1.0" encoding="UTF-8"?>
<!-- Generated by org.testng.reporters.JUnitReportReporter -->
<testsuite hostname="WKSBAN36CHATR07" failures="0" tests="1" name="Runner.runner" time="6.822" errors="0" timestamp="2025-04-01T17:15:26 IST" skipped="0">
  <testcase classname="Runner.runner" name="runScenario" time="6.822"/>
</testsuite> <!-- Runner.runner -->
